生成启动时间为 2016/10/13 14:02:34。
     1>项目“G:\OneDrive\Games\WalkOutMaze-Windows\WalkOutMaze-Windows\WalkOutMaze-Windows.vcxproj”在节点 2 上(build 个目标)。
     1>PrepareForBuild:
         正在创建目录“G:\OneDrive\Games\WalkOutMaze-Windows\Debug\”。
       InitializeBuildStatus:
         正在创建“Debug\WalkOutMaze-Windows.unsuccessfulbuild”，因为已指定“AlwaysCreate”。
       ClCompile:
         C:\Program Files (x86)\Microsoft Visual Studio 10.0\VC\bin\CL.exe /c /ZI /nologo /W3 /WX- /Od /Oy- /D WIN32 /D _DEBUG /D _CONSOLE /D _UNICODE /D UNICODE /Gm /EHsc /RTC1 /MDd /GS /fp:precise /Zc:wchar_t /Zc:forScope /Fo"Debug\\" /Fd"Debug\vc100.pdb" /Gd /TP /analyze- /errorReport:prompt main.cpp MazeMap.cpp MazeWalker.cpp
         MazeWalker.cpp
         MazeMap.cpp
         main.cpp
         正在生成代码...
       ManifestResourceCompile:
         C:\Program Files (x86)\Microsoft SDKs\Windows\v7.0A\bin\rc.exe /nologo /fo"Debug\WalkOutMaze-Windows.exe.embed.manifest.res" Debug\WalkOutMaze-Windows_manifest.rc 
       Link:
         C:\Program Files (x86)\Microsoft Visual Studio 10.0\VC\bin\link.exe /ERRORREPORT:PROMPT /OUT:"G:\OneDrive\Games\WalkOutMaze-Windows\Debug\WalkOutMaze-Windows.exe" /INCREMENTAL /NOLOGO kernel32.lib user32.lib gdi32.lib winspool.lib comdlg32.lib advapi32.lib shell32.lib ole32.lib oleaut32.lib uuid.lib odbc32.lib odbccp32.lib /MANIFEST /ManifestFile:"Debug\WalkOutMaze-Windows.exe.intermediate.manifest" /MANIFESTUAC:"level='asInvoker' uiAccess='false'" /DEBUG /PDB:"G:\OneDrive\Games\WalkOutMaze-Windows\Debug\WalkOutMaze-Windows.pdb" /SUBSYSTEM:CONSOLE /TLBID:1 /DYNAMICBASE /NXCOMPAT /IMPLIB:"G:\OneDrive\Games\WalkOutMaze-Windows\Debug\WalkOutMaze-Windows.lib" /MACHINE:X86 "Debug\WalkOutMaze-Windows.exe.embed.manifest.res"
         Debug\main.obj
         Debug\MazeMap.obj
         Debug\MazeWalker.obj
       Manifest:
         C:\Program Files (x86)\Microsoft SDKs\Windows\v7.0A\bin\mt.exe /nologo /verbose /out:"Debug\WalkOutMaze-Windows.exe.embed.manifest" /manifest "Debug\WalkOutMaze-Windows.exe.intermediate.manifest"
         C:\Program Files (x86)\Microsoft SDKs\Windows\v7.0A\bin\rc.exe /nologo /fo"Debug\WalkOutMaze-Windows.exe.embed.manifest.res" Debug\WalkOutMaze-Windows_manifest.rc 
       LinkEmbedManifest:
         C:\Program Files (x86)\Microsoft Visual Studio 10.0\VC\bin\link.exe /ERRORREPORT:PROMPT /OUT:"G:\OneDrive\Games\WalkOutMaze-Windows\Debug\WalkOutMaze-Windows.exe" /INCREMENTAL /NOLOGO kernel32.lib user32.lib gdi32.lib winspool.lib comdlg32.lib advapi32.lib shell32.lib ole32.lib oleaut32.lib uuid.lib odbc32.lib odbccp32.lib /MANIFEST /ManifestFile:"Debug\WalkOutMaze-Windows.exe.intermediate.manifest" /MANIFESTUAC:"level='asInvoker' uiAccess='false'" /DEBUG /PDB:"G:\OneDrive\Games\WalkOutMaze-Windows\Debug\WalkOutMaze-Windows.pdb" /SUBSYSTEM:CONSOLE /TLBID:1 /DYNAMICBASE /NXCOMPAT /IMPLIB:"G:\OneDrive\Games\WalkOutMaze-Windows\Debug\WalkOutMaze-Windows.lib" /MACHINE:X86 "Debug\WalkOutMaze-Windows.exe.embed.manifest.res"
         Debug\main.obj
         Debug\MazeMap.obj
         Debug\MazeWalker.obj
         WalkOutMaze-Windows.vcxproj -> G:\OneDrive\Games\WalkOutMaze-Windows\Debug\WalkOutMaze-Windows.exe
       FinalizeBuildStatus:
         正在删除文件“Debug\WalkOutMaze-Windows.unsuccessfulbuild”。
         正在对“Debug\WalkOutMaze-Windows.lastbuildstate”执行 Touch 任务。
     1>已完成生成项目“G:\OneDrive\Games\WalkOutMaze-Windows\WalkOutMaze-Windows\WalkOutMaze-Windows.vcxproj”(build 个目标)的操作。

生成成功。

已用时间 00:00:03.50
